<?xml version="1.0" encoding="UTF-8"?>
<!-- Generated by org.testng.reporters.JUnitReportReporter -->
<testsuite hostname="Shalini" failures="0" tests="6" name="api.test.DDTests" time="2.937" errors="0" timestamp="2025-06-16T14:25:52 EDT" skipped="0">
  <testcase classname="api.test.DDTests" name="testPostuser" time="2.112"/>
  <testcase classname="api.test.DDTests" name="testPostuser" time="0.147"/>
  <testcase classname="api.test.DDTests" name="testPostuser" time="0.171"/>
  <testcase classname="api.test.DDTests" name="testDeleteUserByName" time="0.149"/>
  <testcase classname="api.test.DDTests" name="testDeleteUserByName" time="0.225"/>
  <testcase classname="api.test.DDTests" name="testDeleteUserByName" time="0.133"/>
</testsuite> <!-- api.test.DDTests -->
