<?xml version="1.0" encoding="UTF-8"?>
<!-- Generated by org.testng.reporters.JUnitReportReporter -->
<testsuite hostname="Shalini" failures="0" tests="4" name="api.test.UserTests" time="2.914" errors="0" timestamp="2025-06-16T14:28:47 EDT" skipped="0">
  <testcase classname="api.test.UserTests" name="testPostUser" time="2.401"/>
  <testcase classname="api.test.UserTests" name="testGetUser" time="0.203"/>
  <testcase classname="api.test.UserTests" name="testUpdateUser" time="0.154"/>
  <testcase classname="api.test.UserTests" name="testDeleteUser" time="0.156"/>
</testsuite> <!-- api.test.UserTests -->
